# JRE version: Java(TM) SE Runtime Environment (8.0_261-b12) (build 1.8.0_261-b12)
# Java VM: Java HotSpot(TM) 64-Bit Server VM (25.261-b12 mixed mode windows-amd64 compressed oops)
Heap:
 PSYoungGen      total 49152K, used 36018K [0x00000000d6c00000, 0x00000000da380000, 0x0000000100000000)
  eden space 44032K, 70% used [0x00000000d6c00000,0x00000000d8a2e118,0x00000000d9700000)
  from space 5120K, 99% used [0x00000000d9c00000,0x00000000da0fea48,0x00000000da100000)
  to   space 5120K, 0% used [0x00000000d9700000,0x00000000d9700000,0x00000000d9c00000)
 ParOldGen       total 75776K, used 22527K [0x0000000084400000, 0x0000000088e00000, 0x00000000d6c00000)
  object space 75776K, 29% used [0x0000000084400000,0x00000000859ffd18,0x0000000088e00000)
 Metaspace       used 29598K, capacity 30748K, committed 30976K, reserved 1075200K
  class space    used 4041K, capacity 4305K, committed 4352K, reserved 1048576K
GC Heap History (10 events):
Event: 1.715 GC heap before
{Heap before GC invocations=1 (full 0):
 PSYoungGen      total 36864K, used 31744K [0x00000000d6c00000, 0x00000000d9500000, 0x0000000100000000)
  eden space 31744K, 100% used [0x00000000d6c00000,0x00000000d8b00000,0x00000000d8b00000)
  from space 5120K, 0% used [0x00000000d9000000,0x00000000d9000000,0x00000000d9500000)
  to   space 5120K, 0% used [0x00000000d8b00000,0x00000000d8b00000,0x00000000d9000000)
 ParOldGen       total 84992K, used 0K [0x0000000084400000, 0x0000000089700000, 0x00000000d6c00000)
  object space 84992K, 0% used [0x0000000084400000,0x0000000084400000,0x0000000089700000)
 Metaspace       used 12699K, capacity 13102K, committed 13184K, reserved 1060864K
  class space    used 1780K, capacity 1919K, committed 1920K, reserved 1048576K
Event: 1.728 GC heap after
Heap after GC invocations=1 (full 0):
 PSYoungGen      total 36864K, used 3795K [0x00000000d6c00000, 0x00000000d9500000, 0x0000000100000000)
  eden space 31744K, 0% used [0x00000000d6c00000,0x00000000d6c00000,0x00000000d8b00000)
  from space 5120K, 74% used [0x00000000d8b00000,0x00000000d8eb4df0,0x00000000d9000000)
  to   space 5120K, 0% used [0x00000000d9000000,0x00000000d9000000,0x00000000d9500000)
 ParOldGen       total 84992K, used 5840K [0x0000000084400000, 0x0000000089700000, 0x00000000d6c00000)
  object space 84992K, 6% used [0x0000000084400000,0x00000000849b4020,0x0000000089700000)
 Metaspace       used 12699K, capacity 13102K, committed 13184K, reserved 1060864K
  class space    used 1780K, capacity 1919K, committed 1920K, reserved 1048576K
}
Event: 8.174 GC heap before
{Heap before GC invocations=2 (full 0):
 PSYoungGen      total 36864K, used 27854K [0x00000000d6c00000, 0x00000000d9500000, 0x0000000100000000)
  eden space 31744K, 75% used [0x00000000d6c00000,0x00000000d837ebb8,0x00000000d8b00000)
  from space 5120K, 74% used [0x00000000d8b00000,0x00000000d8eb4df0,0x00000000d9000000)
  to   space 5120K, 0% used [0x00000000d9000000,0x00000000d9000000,0x00000000d9500000)
 ParOldGen       total 84992K, used 5840K [0x0000000084400000, 0x0000000089700000, 0x00000000d6c00000)
  object space 84992K, 6% used [0x0000000084400000,0x00000000849b4020,0x0000000089700000)
 Metaspace       used 20331K, capacity 21074K, committed 21248K, reserved 1067008K
  class space    used 2821K, capacity 3026K, committed 3072K, reserved 1048576K
Event: 8.190 GC heap after
Heap after GC invocations=2 (full 0):
 PSYoungGen      total 36864K, used 5104K [0x00000000d6c00000, 0x00000000d9500000, 0x0000000100000000)
  eden space 31744K, 0% used [0x00000000d6c00000,0x00000000d6c00000,0x00000000d8b00000)
  from space 5120K, 99% used [0x00000000d9000000,0x00000000d94fc060,0x00000000d9500000)
  to   space 5120K, 0% used [0x00000000d8b00000,0x00000000d8b00000,0x00000000d9000000)
 ParOldGen       total 84992K, used 13490K [0x0000000084400000, 0x0000000089700000, 0x00000000d6c00000)
  object space 84992K, 15% used [0x0000000084400000,0x000000008512c988,0x0000000089700000)
 Metaspace       used 20331K, capacity 21074K, committed 21248K, reserved 1067008K
  class space    used 2821K, capacity 3026K, committed 3072K, reserved 1048576K
}
Event: 8.190 GC heap before
{Heap before GC invocations=3 (full 1):
 PSYoungGen      total 36864K, used 5104K [0x00000000d6c00000, 0x00000000d9500000, 0x0000000100000000)
  eden space 31744K, 0% used [0x00000000d6c00000,0x00000000d6c00000,0x00000000d8b00000)
  from space 5120K, 99% used [0x00000000d9000000,0x00000000d94fc060,0x00000000d9500000)
  to   space 5120K, 0% used [0x00000000d8b00000,0x00000000d8b00000,0x00000000d9000000)
 ParOldGen       total 84992K, used 13490K [0x0000000084400000, 0x0000000089700000, 0x00000000d6c00000)
  object space 84992K, 15% used [0x0000000084400000,0x000000008512c988,0x0000000089700000)
 Metaspace       used 20331K, capacity 21074K, committed 21248K, reserved 1067008K
  class space    used 2821K, capacity 3026K, committed 3072K, reserved 1048576K
Event: 8.246 GC heap after
Heap after GC invocations=3 (full 1):
 PSYoungGen      total 36864K, used 0K [0x00000000d6c00000, 0x00000000d9500000, 0x0000000100000000)
  eden space 31744K, 0% used [0x00000000d6c00000,0x00000000d6c00000,0x00000000d8b00000)
  from space 5120K, 0% used [0x00000000d9000000,0x00000000d9000000,0x00000000d9500000)
  to   space 5120K, 0% used [0x00000000d8b00000,0x00000000d8b00000,0x00000000d9000000)
 ParOldGen       total 75776K, used 16548K [0x0000000084400000, 0x0000000088e00000, 0x00000000d6c00000)
  object space 75776K, 21% used [0x0000000084400000,0x00000000854290d8,0x0000000088e00000)
 Metaspace       used 20331K, capacity 21074K, committed 21248K, reserved 1067008K
  class space    used 2821K, capacity 3026K, committed 3072K, reserved 1048576K
}
Event: 9.985 GC heap before
{Heap before GC invocations=4 (full 1):
 PSYoungGen      total 36864K, used 26897K [0x00000000d6c00000, 0x00000000d9500000, 0x0000000100000000)
  eden space 31744K, 84% used [0x00000000d6c00000,0x00000000d8644438,0x00000000d8b00000)
  from space 5120K, 0% used [0x00000000d9000000,0x00000000d9000000,0x00000000d9500000)
  to   space 5120K, 0% used [0x00000000d8b00000,0x00000000d8b00000,0x00000000d9000000)
 ParOldGen       total 75776K, used 16548K [0x0000000084400000, 0x0000000088e00000, 0x00000000d6c00000)
  object space 75776K, 21% used [0x0000000084400000,0x00000000854290d8,0x0000000088e00000)
 Metaspace       used 25840K, capacity 26692K, committed 26880K, reserved 1073152K
  class space    used 3571K, capacity 3781K, committed 3840K, reserved 1048576K
Event: 9.992 GC heap after
Heap after GC invocations=4 (full 1):
 PSYoungGen      total 36864K, used 4665K [0x00000000d6c00000, 0x00000000da100000, 0x0000000100000000)
  eden space 31744K, 0% used [0x00000000d6c00000,0x00000000d6c00000,0x00000000d8b00000)
  from space 5120K, 91% used [0x00000000d8b00000,0x00000000d8f8e5e0,0x00000000d9000000)
  to   space 5120K, 0% used [0x00000000d9c00000,0x00000000d9c00000,0x00000000da100000)
 ParOldGen       total 75776K, used 16556K [0x0000000084400000, 0x0000000088e00000, 0x00000000d6c00000)
  object space 75776K, 21% used [0x0000000084400000,0x000000008542b0d8,0x0000000088e00000)
 Metaspace       used 25840K, capacity 26692K, committed 26880K, reserved 1073152K
  class space    used 3571K, capacity 3781K, committed 3840K, reserved 1048576K
}
Event: 11.159 GC heap before
{Heap before GC invocations=5 (full 1):
 PSYoungGen      total 36864K, used 36409K [0x00000000d6c00000, 0x00000000da100000, 0x0000000100000000)
  eden space 31744K, 100% used [0x00000000d6c00000,0x00000000d8b00000,0x00000000d8b00000)
  from space 5120K, 91% used [0x00000000d8b00000,0x00000000d8f8e5e0,0x00000000d9000000)
  to   space 5120K, 0% used [0x00000000d9c00000,0x00000000d9c00000,0x00000000da100000)
 ParOldGen       total 75776K, used 16556K [0x0000000084400000, 0x0000000088e00000, 0x00000000d6c00000)
  object space 75776K, 21% used [0x0000000084400000,0x000000008542b0d8,0x0000000088e00000)
 Metaspace       used 28891K, capacity 29964K, committed 30208K, reserved 1075200K
  class space    used 4003K, capacity 4267K, committed 4352K, reserved 1048576K
Event: 11.171 GC heap after
Heap after GC invocations=5 (full 1):
 PSYoungGen      total 49152K, used 5114K [0x00000000d6c00000, 0x00000000da380000, 0x0000000100000000)
  eden space 44032K, 0% used [0x00000000d6c00000,0x00000000d6c00000,0x00000000d9700000)
  from space 5120K, 99% used [0x00000000d9c00000,0x00000000da0fea48,0x00000000da100000)
  to   space 5120K, 0% used [0x00000000d9700000,0x00000000d9700000,0x00000000d9c00000)
 ParOldGen       total 75776K, used 22527K [0x0000000084400000, 0x0000000088e00000, 0x00000000d6c00000)
  object space 75776K, 29% used [0x0000000084400000,0x00000000859ffd18,0x0000000088e00000)
 Metaspace       used 28891K, capacity 29964K, committed 30208K, reserved 1075200K
  class space    used 4003K, capacity 4267K, committed 4352K, reserved 1048576K
}

