# JRE version: Java(TM) SE Runtime Environment (8.0_261-b12) (build 1.8.0_261-b12)
# Java VM: Java HotSpot(TM) 64-Bit Server VM (25.261-b12 mixed mode windows-amd64 compressed oops)
Heap:
 PSYoungGen      total 92672K, used 32374K [0x00000000d6c00000, 0x00000000ddb80000, 0x0000000100000000)
  eden space 81408K, 25% used [0x00000000d6c00000,0x00000000d809f5d8,0x00000000dbb80000)
  from space 11264K, 99% used [0x00000000dca00000,0x00000000dd4fe568,0x00000000dd500000)
  to   space 14848K, 0% used [0x00000000dbb80000,0x00000000dbb80000,0x00000000dca00000)
 ParOldGen       total 62976K, used 21899K [0x0000000084400000, 0x0000000088180000, 0x00000000d6c00000)
  object space 62976K, 34% used [0x0000000084400000,0x0000000085962dd0,0x0000000088180000)
 Metaspace       used 33573K, capacity 34664K, committed 34944K, reserved 1079296K
  class space    used 4114K, capacity 4369K, committed 4480K, reserved 1048576K
GC Heap History (10 events):
Event: 10.259 GC heap before
{Heap before GC invocations=7 (full 0):
 PSYoungGen      total 67072K, used 53692K [0x00000000d6c00000, 0x00000000db300000, 0x0000000100000000)
  eden space 62976K, 78% used [0x00000000d6c00000,0x00000000d9c73210,0x00000000da980000)
  from space 4096K, 99% used [0x00000000dae00000,0x00000000db1fc030,0x00000000db200000)
  to   space 4608K, 0% used [0x00000000da980000,0x00000000da980000,0x00000000dae00000)
 ParOldGen       total 84992K, used 5936K [0x0000000084400000, 0x0000000089700000, 0x00000000d6c00000)
  object space 84992K, 6% used [0x0000000084400000,0x00000000849cc020,0x0000000089700000)
 Metaspace       used 20505K, capacity 21216K, committed 21248K, reserved 1067008K
  class space    used 2601K, capacity 2791K, committed 2816K, reserved 1048576K
Event: 10.272 GC heap after
Heap after GC invocations=7 (full 0):
 PSYoungGen      total 65536K, used 4576K [0x00000000d6c00000, 0x00000000db780000, 0x0000000100000000)
  eden space 60928K, 0% used [0x00000000d6c00000,0x00000000d6c00000,0x00000000da780000)
  from space 4608K, 99% used [0x00000000da980000,0x00000000dadf8010,0x00000000dae00000)
  to   space 8192K, 0% used [0x00000000daf80000,0x00000000daf80000,0x00000000db780000)
 ParOldGen       total 84992K, used 11910K [0x0000000084400000, 0x0000000089700000, 0x00000000d6c00000)
  object space 84992K, 14% used [0x0000000084400000,0x0000000084fa1930,0x0000000089700000)
 Metaspace       used 20505K, capacity 21216K, committed 21248K, reserved 1067008K
  class space    used 2601K, capacity 2791K, committed 2816K, reserved 1048576K
}
Event: 10.272 GC heap before
{Heap before GC invocations=8 (full 1):
 PSYoungGen      total 65536K, used 4576K [0x00000000d6c00000, 0x00000000db780000, 0x0000000100000000)
  eden space 60928K, 0% used [0x00000000d6c00000,0x00000000d6c00000,0x00000000da780000)
  from space 4608K, 99% used [0x00000000da980000,0x00000000dadf8010,0x00000000dae00000)
  to   space 8192K, 0% used [0x00000000daf80000,0x00000000daf80000,0x00000000db780000)
 ParOldGen       total 84992K, used 11910K [0x0000000084400000, 0x0000000089700000, 0x00000000d6c00000)
  object space 84992K, 14% used [0x0000000084400000,0x0000000084fa1930,0x0000000089700000)
 Metaspace       used 20505K, capacity 21216K, committed 21248K, reserved 1067008K
  class space    used 2601K, capacity 2791K, committed 2816K, reserved 1048576K
Event: 10.315 GC heap after
Heap after GC invocations=8 (full 1):
 PSYoungGen      total 65536K, used 0K [0x00000000d6c00000, 0x00000000db780000, 0x0000000100000000)
  eden space 60928K, 0% used [0x00000000d6c00000,0x00000000d6c00000,0x00000000da780000)
  from space 4608K, 0% used [0x00000000da980000,0x00000000da980000,0x00000000dae00000)
  to   space 8192K, 0% used [0x00000000daf80000,0x00000000daf80000,0x00000000db780000)
 ParOldGen       total 62976K, used 14486K [0x0000000084400000, 0x0000000088180000, 0x00000000d6c00000)
  object space 62976K, 23% used [0x0000000084400000,0x0000000085225910,0x0000000088180000)
 Metaspace       used 20505K, capacity 21216K, committed 21248K, reserved 1067008K
  class space    used 2601K, capacity 2791K, committed 2816K, reserved 1048576K
}
Event: 12.208 GC heap before
{Heap before GC invocations=9 (full 1):
 PSYoungGen      total 65536K, used 60928K [0x00000000d6c00000, 0x00000000db780000, 0x0000000100000000)
  eden space 60928K, 100% used [0x00000000d6c00000,0x00000000da780000,0x00000000da780000)
  from space 4608K, 0% used [0x00000000da980000,0x00000000da980000,0x00000000dae00000)
  to   space 8192K, 0% used [0x00000000daf80000,0x00000000daf80000,0x00000000db780000)
 ParOldGen       total 62976K, used 14486K [0x0000000084400000, 0x0000000088180000, 0x00000000d6c00000)
  object space 62976K, 23% used [0x0000000084400000,0x0000000085225910,0x0000000088180000)
 Metaspace       used 26640K, capacity 27390K, committed 27648K, reserved 1073152K
  class space    used 3313K, capacity 3494K, committed 3584K, reserved 1048576K
Event: 12.217 GC heap after
Heap after GC invocations=9 (full 1):
 PSYoungGen      total 68608K, used 5998K [0x00000000d6c00000, 0x00000000de000000, 0x0000000100000000)
  eden space 60416K, 0% used [0x00000000d6c00000,0x00000000d6c00000,0x00000000da700000)
  from space 8192K, 73% used [0x00000000daf80000,0x00000000db55bb00,0x00000000db780000)
  to   space 8704K, 0% used [0x00000000da700000,0x00000000da700000,0x00000000daf80000)
 ParOldGen       total 62976K, used 14502K [0x0000000084400000, 0x0000000088180000, 0x00000000d6c00000)
  object space 62976K, 23% used [0x0000000084400000,0x0000000085229910,0x0000000088180000)
 Metaspace       used 26640K, capacity 27390K, committed 27648K, reserved 1073152K
  class space    used 3313K, capacity 3494K, committed 3584K, reserved 1048576K
}
Event: 13.226 GC heap before
{Heap before GC invocations=10 (full 1):
 PSYoungGen      total 68608K, used 66414K [0x00000000d6c00000, 0x00000000de000000, 0x0000000100000000)
  eden space 60416K, 100% used [0x00000000d6c00000,0x00000000da700000,0x00000000da700000)
  from space 8192K, 73% used [0x00000000daf80000,0x00000000db55bb00,0x00000000db780000)
  to   space 8704K, 0% used [0x00000000da700000,0x00000000da700000,0x00000000daf80000)
 ParOldGen       total 62976K, used 14502K [0x0000000084400000, 0x0000000088180000, 0x00000000d6c00000)
  object space 62976K, 23% used [0x0000000084400000,0x0000000085229910,0x0000000088180000)
 Metaspace       used 30331K, capacity 31248K, committed 31488K, reserved 1077248K
  class space    used 3805K, capacity 4033K, committed 4096K, reserved 1048576K
Event: 13.234 GC heap after
Heap after GC invocations=10 (full 1):
 PSYoungGen      total 69120K, used 8688K [0x00000000d6c00000, 0x00000000dd500000, 0x0000000100000000)
  eden space 60416K, 0% used [0x00000000d6c00000,0x00000000d6c00000,0x00000000da700000)
  from space 8704K, 99% used [0x00000000da700000,0x00000000daf7c098,0x00000000daf80000)
  to   space 11264K, 0% used [0x00000000dca00000,0x00000000dca00000,0x00000000dd500000)
 ParOldGen       total 62976K, used 17382K [0x0000000084400000, 0x0000000088180000, 0x00000000d6c00000)
  object space 62976K, 27% used [0x0000000084400000,0x00000000854f9a68,0x0000000088180000)
 Metaspace       used 30331K, capacity 31248K, committed 31488K, reserved 1077248K
  class space    used 3805K, capacity 4033K, committed 4096K, reserved 1048576K
}
Event: 15.073 GC heap before
{Heap before GC invocations=11 (full 1):
 PSYoungGen      total 69120K, used 69104K [0x00000000d6c00000, 0x00000000dd500000, 0x0000000100000000)
  eden space 60416K, 100% used [0x00000000d6c00000,0x00000000da700000,0x00000000da700000)
  from space 8704K, 99% used [0x00000000da700000,0x00000000daf7c098,0x00000000daf80000)
  to   space 11264K, 0% used [0x00000000dca00000,0x00000000dca00000,0x00000000dd500000)
 ParOldGen       total 62976K, used 17382K [0x0000000084400000, 0x0000000088180000, 0x00000000d6c00000)
  object space 62976K, 27% used [0x0000000084400000,0x00000000854f9a68,0x0000000088180000)
 Metaspace       used 32955K, capacity 34016K, committed 34304K, reserved 1079296K
  class space    used 4090K, capacity 4331K, committed 4352K, reserved 1048576K
Event: 15.086 GC heap after
Heap after GC invocations=11 (full 1):
 PSYoungGen      total 92672K, used 11257K [0x00000000d6c00000, 0x00000000ddb80000, 0x0000000100000000)
  eden space 81408K, 0% used [0x00000000d6c00000,0x00000000d6c00000,0x00000000dbb80000)
  from space 11264K, 99% used [0x00000000dca00000,0x00000000dd4fe568,0x00000000dd500000)
  to   space 14848K, 0% used [0x00000000dbb80000,0x00000000dbb80000,0x00000000dca00000)
 ParOldGen       total 62976K, used 21899K [0x0000000084400000, 0x0000000088180000, 0x00000000d6c00000)
  object space 62976K, 34% used [0x0000000084400000,0x0000000085962dd0,0x0000000088180000)
 Metaspace       used 32955K, capacity 34016K, committed 34304K, reserved 1079296K
  class space    used 4090K, capacity 4331K, committed 4352K, reserved 1048576K
}

