# JRE version: Java(TM) SE Runtime Environment (8.0_261-b12) (build 1.8.0_261-b12)
# Java VM: Java HotSpot(TM) 64-Bit Server VM (25.261-b12 mixed mode windows-amd64 compressed oops)
Heap:
 PSYoungGen      total 52736K, used 31082K [0x00000000d6c00000, 0x00000000da600000, 0x0000000100000000)
  eden space 47616K, 54% used [0x00000000d6c00000,0x00000000d85629a8,0x00000000d9a80000)
  from space 5120K, 99% used [0x00000000d9f80000,0x00000000da4780c0,0x00000000da480000)
  to   space 5120K, 0% used [0x00000000d9a80000,0x00000000d9a80000,0x00000000d9f80000)
 ParOldGen       total 57344K, used 23866K [0x0000000084400000, 0x0000000087c00000, 0x00000000d6c00000)
  object space 57344K, 41% used [0x0000000084400000,0x0000000085b4eb20,0x0000000087c00000)
 Metaspace       used 29616K, capacity 30744K, committed 30976K, reserved 1075200K
  class space    used 4040K, capacity 4305K, committed 4352K, reserved 1048576K
GC Heap History (10 events):
Event: 2.368 GC heap before
{Heap before GC invocations=1 (full 0):
 PSYoungGen      total 36864K, used 31744K [0x00000000d6c00000, 0x00000000d9500000, 0x0000000100000000)
  eden space 31744K, 100% used [0x00000000d6c00000,0x00000000d8b00000,0x00000000d8b00000)
  from space 5120K, 0% used [0x00000000d9000000,0x00000000d9000000,0x00000000d9500000)
  to   space 5120K, 0% used [0x00000000d8b00000,0x00000000d8b00000,0x00000000d9000000)
 ParOldGen       total 84992K, used 0K [0x0000000084400000, 0x0000000089700000, 0x00000000d6c00000)
  object space 84992K, 0% used [0x0000000084400000,0x0000000084400000,0x0000000089700000)
 Metaspace       used 12734K, capacity 13162K, committed 13184K, reserved 1060864K
  class space    used 1782K, capacity 1919K, committed 1920K, reserved 1048576K
Event: 2.384 GC heap after
Heap after GC invocations=1 (full 0):
 PSYoungGen      total 36864K, used 3667K [0x00000000d6c00000, 0x00000000d9500000, 0x0000000100000000)
  eden space 31744K, 0% used [0x00000000d6c00000,0x00000000d6c00000,0x00000000d8b00000)
  from space 5120K, 71% used [0x00000000d8b00000,0x00000000d8e94df0,0x00000000d9000000)
  to   space 5120K, 0% used [0x00000000d9000000,0x00000000d9000000,0x00000000d9500000)
 ParOldGen       total 84992K, used 5832K [0x0000000084400000, 0x0000000089700000, 0x00000000d6c00000)
  object space 84992K, 6% used [0x0000000084400000,0x00000000849b2020,0x0000000089700000)
 Metaspace       used 12734K, capacity 13162K, committed 13184K, reserved 1060864K
  class space    used 1782K, capacity 1919K, committed 1920K, reserved 1048576K
}
Event: 9.161 GC heap before
{Heap before GC invocations=2 (full 0):
 PSYoungGen      total 36864K, used 28571K [0x00000000d6c00000, 0x00000000d9500000, 0x0000000100000000)
  eden space 31744K, 78% used [0x00000000d6c00000,0x00000000d8451fd0,0x00000000d8b00000)
  from space 5120K, 71% used [0x00000000d8b00000,0x00000000d8e94df0,0x00000000d9000000)
  to   space 5120K, 0% used [0x00000000d9000000,0x00000000d9000000,0x00000000d9500000)
 ParOldGen       total 84992K, used 5832K [0x0000000084400000, 0x0000000089700000, 0x00000000d6c00000)
  object space 84992K, 6% used [0x0000000084400000,0x00000000849b2020,0x0000000089700000)
 Metaspace       used 20414K, capacity 21134K, committed 21248K, reserved 1067008K
  class space    used 2828K, capacity 3026K, committed 3072K, reserved 1048576K
Event: 9.174 GC heap after
Heap after GC invocations=2 (full 0):
 PSYoungGen      total 36864K, used 5088K [0x00000000d6c00000, 0x00000000d9500000, 0x0000000100000000)
  eden space 31744K, 0% used [0x00000000d6c00000,0x00000000d6c00000,0x00000000d8b00000)
  from space 5120K, 99% used [0x00000000d9000000,0x00000000d94f8050,0x00000000d9500000)
  to   space 5120K, 0% used [0x00000000d8b00000,0x00000000d8b00000,0x00000000d9000000)
 ParOldGen       total 84992K, used 13657K [0x0000000084400000, 0x0000000089700000, 0x00000000d6c00000)
  object space 84992K, 16% used [0x0000000084400000,0x0000000085156710,0x0000000089700000)
 Metaspace       used 20414K, capacity 21134K, committed 21248K, reserved 1067008K
  class space    used 2828K, capacity 3026K, committed 3072K, reserved 1048576K
}
Event: 9.174 GC heap before
{Heap before GC invocations=3 (full 1):
 PSYoungGen      total 36864K, used 5088K [0x00000000d6c00000, 0x00000000d9500000, 0x0000000100000000)
  eden space 31744K, 0% used [0x00000000d6c00000,0x00000000d6c00000,0x00000000d8b00000)
  from space 5120K, 99% used [0x00000000d9000000,0x00000000d94f8050,0x00000000d9500000)
  to   space 5120K, 0% used [0x00000000d8b00000,0x00000000d8b00000,0x00000000d9000000)
 ParOldGen       total 84992K, used 13657K [0x0000000084400000, 0x0000000089700000, 0x00000000d6c00000)
  object space 84992K, 16% used [0x0000000084400000,0x0000000085156710,0x0000000089700000)
 Metaspace       used 20414K, capacity 21134K, committed 21248K, reserved 1067008K
  class space    used 2828K, capacity 3026K, committed 3072K, reserved 1048576K
Event: 9.223 GC heap after
Heap after GC invocations=3 (full 1):
 PSYoungGen      total 36864K, used 0K [0x00000000d6c00000, 0x00000000d9500000, 0x0000000100000000)
  eden space 31744K, 0% used [0x00000000d6c00000,0x00000000d6c00000,0x00000000d8b00000)
  from space 5120K, 0% used [0x00000000d9000000,0x00000000d9000000,0x00000000d9500000)
  to   space 5120K, 0% used [0x00000000d8b00000,0x00000000d8b00000,0x00000000d9000000)
 ParOldGen       total 57344K, used 16780K [0x0000000084400000, 0x0000000087c00000, 0x00000000d6c00000)
  object space 57344K, 29% used [0x0000000084400000,0x00000000854632f8,0x0000000087c00000)
 Metaspace       used 20414K, capacity 21134K, committed 21248K, reserved 1067008K
  class space    used 2828K, capacity 3026K, committed 3072K, reserved 1048576K
}
Event: 11.019 GC heap before
{Heap before GC invocations=4 (full 1):
 PSYoungGen      total 36864K, used 31744K [0x00000000d6c00000, 0x00000000d9500000, 0x0000000100000000)
  eden space 31744K, 100% used [0x00000000d6c00000,0x00000000d8b00000,0x00000000d8b00000)
  from space 5120K, 0% used [0x00000000d9000000,0x00000000d9000000,0x00000000d9500000)
  to   space 5120K, 0% used [0x00000000d8b00000,0x00000000d8b00000,0x00000000d9000000)
 ParOldGen       total 57344K, used 16780K [0x0000000084400000, 0x0000000087c00000, 0x00000000d6c00000)
  object space 57344K, 29% used [0x0000000084400000,0x00000000854632f8,0x0000000087c00000)
 Metaspace       used 25857K, capacity 26630K, committed 26880K, reserved 1073152K
  class space    used 3570K, capacity 3782K, committed 3840K, reserved 1048576K
Event: 11.033 GC heap after
Heap after GC invocations=4 (full 1):
 PSYoungGen      total 36864K, used 4416K [0x00000000d6c00000, 0x00000000da480000, 0x0000000100000000)
  eden space 31744K, 0% used [0x00000000d6c00000,0x00000000d6c00000,0x00000000d8b00000)
  from space 5120K, 86% used [0x00000000d8b00000,0x00000000d8f503a0,0x00000000d9000000)
  to   space 5120K, 0% used [0x00000000d9f80000,0x00000000d9f80000,0x00000000da480000)
 ParOldGen       total 57344K, used 22548K [0x0000000084400000, 0x0000000087c00000, 0x00000000d6c00000)
  object space 57344K, 39% used [0x0000000084400000,0x0000000085a05308,0x0000000087c00000)
 Metaspace       used 25857K, capacity 26630K, committed 26880K, reserved 1073152K
  class space    used 3570K, capacity 3782K, committed 3840K, reserved 1048576K
}
Event: 12.125 GC heap before
{Heap before GC invocations=5 (full 1):
 PSYoungGen      total 36864K, used 36160K [0x00000000d6c00000, 0x00000000da480000, 0x0000000100000000)
  eden space 31744K, 100% used [0x00000000d6c00000,0x00000000d8b00000,0x00000000d8b00000)
  from space 5120K, 86% used [0x00000000d8b00000,0x00000000d8f503a0,0x00000000d9000000)
  to   space 5120K, 0% used [0x00000000d9f80000,0x00000000d9f80000,0x00000000da480000)
 ParOldGen       total 57344K, used 22548K [0x0000000084400000, 0x0000000087c00000, 0x00000000d6c00000)
  object space 57344K, 39% used [0x0000000084400000,0x0000000085a05308,0x0000000087c00000)
 Metaspace       used 28999K, capacity 30088K, committed 30208K, reserved 1075200K
  class space    used 4015K, capacity 4267K, committed 4352K, reserved 1048576K
Event: 12.135 GC heap after
Heap after GC invocations=5 (full 1):
 PSYoungGen      total 52736K, used 5088K [0x00000000d6c00000, 0x00000000da600000, 0x0000000100000000)
  eden space 47616K, 0% used [0x00000000d6c00000,0x00000000d6c00000,0x00000000d9a80000)
  from space 5120K, 99% used [0x00000000d9f80000,0x00000000da4780c0,0x00000000da480000)
  to   space 5120K, 0% used [0x00000000d9a80000,0x00000000d9a80000,0x00000000d9f80000)
 ParOldGen       total 57344K, used 23866K [0x0000000084400000, 0x0000000087c00000, 0x00000000d6c00000)
  object space 57344K, 41% used [0x0000000084400000,0x0000000085b4eb20,0x0000000087c00000)
 Metaspace       used 28999K, capacity 30088K, committed 30208K, reserved 1075200K
  class space    used 4015K, capacity 4267K, committed 4352K, reserved 1048576K
}

