# JRE version: Java(TM) SE Runtime Environment (8.0_261-b12) (build 1.8.0_261-b12)
# Java VM: Java HotSpot(TM) 64-Bit Server VM (25.261-b12 mixed mode windows-amd64 compressed oops)
Heap:
 PSYoungGen      total 49664K, used 48113K [0x00000000d6c00000, 0x00000000da400000, 0x0000000100000000)
  eden space 44544K, 96% used [0x00000000d6c00000,0x00000000d95fe458,0x00000000d9780000)
  from space 5120K, 99% used [0x00000000d9c80000,0x00000000da17e1b8,0x00000000da180000)
  to   space 5120K, 0% used [0x00000000d9780000,0x00000000d9780000,0x00000000d9c80000)
 ParOldGen       total 75776K, used 22494K [0x0000000084400000, 0x0000000088e00000, 0x00000000d6c00000)
  object space 75776K, 29% used [0x0000000084400000,0x00000000859f7900,0x0000000088e00000)
 Metaspace       used 30046K, capacity 31164K, committed 31488K, reserved 1077248K
  class space    used 4050K, capacity 4315K, committed 4352K, reserved 1048576K
GC Heap History (10 events):
Event: 1.700 GC heap before
{Heap before GC invocations=1 (full 0):
 PSYoungGen      total 36864K, used 31744K [0x00000000d6c00000, 0x00000000d9500000, 0x0000000100000000)
  eden space 31744K, 100% used [0x00000000d6c00000,0x00000000d8b00000,0x00000000d8b00000)
  from space 5120K, 0% used [0x00000000d9000000,0x00000000d9000000,0x00000000d9500000)
  to   space 5120K, 0% used [0x00000000d8b00000,0x00000000d8b00000,0x00000000d9000000)
 ParOldGen       total 84992K, used 0K [0x0000000084400000, 0x0000000089700000, 0x00000000d6c00000)
  object space 84992K, 0% used [0x0000000084400000,0x0000000084400000,0x0000000089700000)
 Metaspace       used 12694K, capacity 13098K, committed 13184K, reserved 1060864K
  class space    used 1781K, capacity 1919K, committed 1920K, reserved 1048576K
Event: 1.712 GC heap after
Heap after GC invocations=1 (full 0):
 PSYoungGen      total 36864K, used 3744K [0x00000000d6c00000, 0x00000000d9500000, 0x0000000100000000)
  eden space 31744K, 0% used [0x00000000d6c00000,0x00000000d6c00000,0x00000000d8b00000)
  from space 5120K, 73% used [0x00000000d8b00000,0x00000000d8ea8020,0x00000000d9000000)
  to   space 5120K, 0% used [0x00000000d9000000,0x00000000d9000000,0x00000000d9500000)
 ParOldGen       total 84992K, used 5840K [0x0000000084400000, 0x0000000089700000, 0x00000000d6c00000)
  object space 84992K, 6% used [0x0000000084400000,0x00000000849b4020,0x0000000089700000)
 Metaspace       used 12694K, capacity 13098K, committed 13184K, reserved 1060864K
  class space    used 1781K, capacity 1919K, committed 1920K, reserved 1048576K
}
Event: 8.112 GC heap before
{Heap before GC invocations=2 (full 0):
 PSYoungGen      total 36864K, used 27947K [0x00000000d6c00000, 0x00000000d9500000, 0x0000000100000000)
  eden space 31744K, 76% used [0x00000000d6c00000,0x00000000d83a2ed0,0x00000000d8b00000)
  from space 5120K, 73% used [0x00000000d8b00000,0x00000000d8ea8020,0x00000000d9000000)
  to   space 5120K, 0% used [0x00000000d9000000,0x00000000d9000000,0x00000000d9500000)
 ParOldGen       total 84992K, used 5840K [0x0000000084400000, 0x0000000089700000, 0x00000000d6c00000)
  object space 84992K, 6% used [0x0000000084400000,0x00000000849b4020,0x0000000089700000)
 Metaspace       used 20423K, capacity 21134K, committed 21248K, reserved 1067008K
  class space    used 2825K, capacity 3026K, committed 3072K, reserved 1048576K
Event: 8.126 GC heap after
Heap after GC invocations=2 (full 0):
 PSYoungGen      total 36864K, used 5104K [0x00000000d6c00000, 0x00000000d9500000, 0x0000000100000000)
  eden space 31744K, 0% used [0x00000000d6c00000,0x00000000d6c00000,0x00000000d8b00000)
  from space 5120K, 99% used [0x00000000d9000000,0x00000000d94fc040,0x00000000d9500000)
  to   space 5120K, 0% used [0x00000000d8b00000,0x00000000d8b00000,0x00000000d9000000)
 ParOldGen       total 84992K, used 13494K [0x0000000084400000, 0x0000000089700000, 0x00000000d6c00000)
  object space 84992K, 15% used [0x0000000084400000,0x000000008512d800,0x0000000089700000)
 Metaspace       used 20423K, capacity 21134K, committed 21248K, reserved 1067008K
  class space    used 2825K, capacity 3026K, committed 3072K, reserved 1048576K
}
Event: 8.126 GC heap before
{Heap before GC invocations=3 (full 1):
 PSYoungGen      total 36864K, used 5104K [0x00000000d6c00000, 0x00000000d9500000, 0x0000000100000000)
  eden space 31744K, 0% used [0x00000000d6c00000,0x00000000d6c00000,0x00000000d8b00000)
  from space 5120K, 99% used [0x00000000d9000000,0x00000000d94fc040,0x00000000d9500000)
  to   space 5120K, 0% used [0x00000000d8b00000,0x00000000d8b00000,0x00000000d9000000)
 ParOldGen       total 84992K, used 13494K [0x0000000084400000, 0x0000000089700000, 0x00000000d6c00000)
  object space 84992K, 15% used [0x0000000084400000,0x000000008512d800,0x0000000089700000)
 Metaspace       used 20423K, capacity 21134K, committed 21248K, reserved 1067008K
  class space    used 2825K, capacity 3026K, committed 3072K, reserved 1048576K
Event: 8.178 GC heap after
Heap after GC invocations=3 (full 1):
 PSYoungGen      total 36864K, used 0K [0x00000000d6c00000, 0x00000000d9500000, 0x0000000100000000)
  eden space 31744K, 0% used [0x00000000d6c00000,0x00000000d6c00000,0x00000000d8b00000)
  from space 5120K, 0% used [0x00000000d9000000,0x00000000d9000000,0x00000000d9500000)
  to   space 5120K, 0% used [0x00000000d8b00000,0x00000000d8b00000,0x00000000d9000000)
 ParOldGen       total 75776K, used 16557K [0x0000000084400000, 0x0000000088e00000, 0x00000000d6c00000)
  object space 75776K, 21% used [0x0000000084400000,0x000000008542b6b8,0x0000000088e00000)
 Metaspace       used 20423K, capacity 21134K, committed 21248K, reserved 1067008K
  class space    used 2825K, capacity 3026K, committed 3072K, reserved 1048576K
}
Event: 9.883 GC heap before
{Heap before GC invocations=4 (full 1):
 PSYoungGen      total 36864K, used 26882K [0x00000000d6c00000, 0x00000000d9500000, 0x0000000100000000)
  eden space 31744K, 84% used [0x00000000d6c00000,0x00000000d8640b48,0x00000000d8b00000)
  from space 5120K, 0% used [0x00000000d9000000,0x00000000d9000000,0x00000000d9500000)
  to   space 5120K, 0% used [0x00000000d8b00000,0x00000000d8b00000,0x00000000d9000000)
 ParOldGen       total 75776K, used 16557K [0x0000000084400000, 0x0000000088e00000, 0x00000000d6c00000)
  object space 75776K, 21% used [0x0000000084400000,0x000000008542b6b8,0x0000000088e00000)
 Metaspace       used 25872K, capacity 26688K, committed 26880K, reserved 1073152K
  class space    used 3567K, capacity 3781K, committed 3840K, reserved 1048576K
Event: 9.890 GC heap after
Heap after GC invocations=4 (full 1):
 PSYoungGen      total 36864K, used 4649K [0x00000000d6c00000, 0x00000000da180000, 0x0000000100000000)
  eden space 31744K, 0% used [0x00000000d6c00000,0x00000000d6c00000,0x00000000d8b00000)
  from space 5120K, 90% used [0x00000000d8b00000,0x00000000d8f8a5d0,0x00000000d9000000)
  to   space 5120K, 0% used [0x00000000d9c80000,0x00000000d9c80000,0x00000000da180000)
 ParOldGen       total 75776K, used 16565K [0x0000000084400000, 0x0000000088e00000, 0x00000000d6c00000)
  object space 75776K, 21% used [0x0000000084400000,0x000000008542d6b8,0x0000000088e00000)
 Metaspace       used 25872K, capacity 26688K, committed 26880K, reserved 1073152K
  class space    used 3567K, capacity 3781K, committed 3840K, reserved 1048576K
}
Event: 11.041 GC heap before
{Heap before GC invocations=5 (full 1):
 PSYoungGen      total 36864K, used 36393K [0x00000000d6c00000, 0x00000000da180000, 0x0000000100000000)
  eden space 31744K, 100% used [0x00000000d6c00000,0x00000000d8b00000,0x00000000d8b00000)
  from space 5120K, 90% used [0x00000000d8b00000,0x00000000d8f8a5d0,0x00000000d9000000)
  to   space 5120K, 0% used [0x00000000d9c80000,0x00000000d9c80000,0x00000000da180000)
 ParOldGen       total 75776K, used 16565K [0x0000000084400000, 0x0000000088e00000, 0x00000000d6c00000)
  object space 75776K, 21% used [0x0000000084400000,0x000000008542d6b8,0x0000000088e00000)
 Metaspace       used 28934K, capacity 30024K, committed 30208K, reserved 1075200K
  class space    used 4005K, capacity 4267K, committed 4352K, reserved 1048576K
Event: 11.053 GC heap after
Heap after GC invocations=5 (full 1):
 PSYoungGen      total 49664K, used 5112K [0x00000000d6c00000, 0x00000000da400000, 0x0000000100000000)
  eden space 44544K, 0% used [0x00000000d6c00000,0x00000000d6c00000,0x00000000d9780000)
  from space 5120K, 99% used [0x00000000d9c80000,0x00000000da17e1b8,0x00000000da180000)
  to   space 5120K, 0% used [0x00000000d9780000,0x00000000d9780000,0x00000000d9c80000)
 ParOldGen       total 75776K, used 22494K [0x0000000084400000, 0x0000000088e00000, 0x00000000d6c00000)
  object space 75776K, 29% used [0x0000000084400000,0x00000000859f7900,0x0000000088e00000)
 Metaspace       used 28934K, capacity 30024K, committed 30208K, reserved 1075200K
  class space    used 4005K, capacity 4267K, committed 4352K, reserved 1048576K
}

